
analyzing entropyExperiment.data for Raptor_BIOS

Experiment start time:
Linux localhost.localdomain 3.10.0-327.28.3.el7.Jan10Entropy.x86_64 #1 SMP Tue Jan 10 17:56:15 EST 2017 x86_64 x86_64 x86_64 GNU/Linux
Jan 11 07:04:34 localhost.localdomain kernel: DISK_RANDOMNESS: ent_total: 11 - ent_count: 66 - jiffies: 4294669805 - cycles: 595166720 - min_t: 11 - delta: 4294669805

Experiment end time:
Jan 11 22:22:27 localhost.localdomain kernel: DISK_RANDOMNESS: ent_total: 129 - ent_count: 381 - jiffies: 4294687347 - cycles: 3027651020 - min_t: 0 - delta: 1

Num Reboots: 301

extractJiffies.sh entropyExperiment.data jiffies.data

extractCPUCycles.sh entropyExperiment.data cycles.data
File contained 1502994 lines, with 811270 duplicates.
File contained 1502994 lines, with 0 duplicates.

convertToBinary.py 6 jiffies.data jiffies_6bit.bin
Truncating values to 6bits and outputting them in 8 bit symbols.

convertToBinary.py 8 jiffies.data jiffies_8bit.bin
Truncating values to 8 bits and outputting them in 8 bit symbols.

convertToBinary.py 6 jiffies_nodupes.data jiffies_nodupes_6bit.bin
Truncating values to 6bits and outputting them in 8 bit symbols.

convertToBinary.py 8 jiffies_nodupes.data jiffies_nodupes_8bit.bin
Truncating values to 8 bits and outputting them in 8 bit symbols.

convertToBinary.py 6 cycles.data cycles_6bit.bin
Truncating values to 6bits and outputting them in 8 bit symbols.

convertToBinary.py 8 cycles.data cycles_8bit.bin
Truncating values to 8 bits and outputting them in 8 bit symbols.

convertToBinary.py 8 cycles_nodupes.data cycles_nodupes_8bit.bin
Truncating values to 8 bits and outputting them in 8 bit symbols.

convertToBinary.py 6 cycles_nodupes.data cycles_nodupes_6bit.bin
Truncating values to 6bits and outputting them in 8 bit symbols.

=== Raptor_BIOS jiffies_6bit ============================================================================

noniid_main.py jiffies_6bit.bin 8 | tee jiffies_6bit_results.txt
Read in file jiffies_6bit.bin, 1502993 bytes long.
Dataset: 1502993 8-bit symbols.
Output symbol values: min = 0, max = 63
- Collision test          : p(max) = 0.64325, min-entropy = 0.63655
- Partial collection test : p(max) = 0.785156, min-entropy = 0.348949
- Markov test (map 6 bits): p(max) = 5.61535e-35, min-entropy = 0.888891
- Compression test        : p(max) = 0.698118, min-entropy = 0.518457
- Frequency test          : p(max) = 0.0167506, min-entropy = 5.81613

**************
** min-entropy = 0.348949
**************

Compression sanity check...
	dataset 1 compressed length = 341104, cutoff = 52446.7...
Pass
	dataset 2 compressed length = 329136, cutoff = 52446.7...
Pass
	dataset 3 compressed length = 333096, cutoff = 52446.7...
Pass
	dataset 4 compressed length = 326704, cutoff = 52446.7...
Pass
	dataset 5 compressed length = 348112, cutoff = 52446.7...
Pass
	dataset 6 compressed length = 386048, cutoff = 52446.7...
Pass
	dataset 7 compressed length = 382488, cutoff = 52446.7...
Pass
	dataset 8 compressed length = 382088, cutoff = 52446.7...
Pass
	dataset 9 compressed length = 382736, cutoff = 52446.7...
Pass
	dataset 10 compressed length = 385472, cutoff = 52446.7...
Pass
** Compression sanity check - pass

Collision sanity check...
	Dividing dataset into 79-tuples
	Check rule 1 - do three or more 79-tuples have the same value?...Pass
	Check rule 2 - probability of number of collisions below cutoff
		number of collisions = 43, cutoff = 0.910196...Fail
** Collision sanity check - fail

=== Raptor_BIOS jiffies_8bit ============================================================================

noniid_main.py jiffies_8bit.bin 8 | tee jiffies_8bit_results.txt
Read in file jiffies_8bit.bin, 1502993 bytes long.
Dataset: 1502993 8-bit symbols.
Output symbol values: min = 0, max = 255
- Collision test          : p(max) = 0.638123, min-entropy = 0.648095
- Partial collection test : p(max) = 0.525562, min-entropy = 0.928067
- Markov test (map 6 bits): p(max) = 5.61535e-35, min-entropy = 0.888891
- Compression test        : p(max) = 0.577316, min-entropy = 0.792566
- Frequency test          : p(max) = 0.00488159, min-entropy = 7.41

**************
** min-entropy = 0.648095
**************

Compression sanity check...
	dataset 1 compressed length = 369216, cutoff = 97408...
Pass
	dataset 2 compressed length = 355568, cutoff = 97408...
Pass
	dataset 3 compressed length = 356400, cutoff = 97408...
Pass
	dataset 4 compressed length = 354064, cutoff = 97408...
Pass
	dataset 5 compressed length = 374792, cutoff = 97408...
Pass
	dataset 6 compressed length = 412200, cutoff = 97408...
Pass
	dataset 7 compressed length = 409456, cutoff = 97408...
Pass
	dataset 8 compressed length = 409072, cutoff = 97408...
Pass
	dataset 9 compressed length = 409120, cutoff = 97408...
Pass
	dataset 10 compressed length = 411008, cutoff = 97408...
Pass
** Compression sanity check - pass

Collision sanity check...
	Dividing dataset into 45-tuples
	Check rule 1 - do three or more 45-tuples have the same value?...Fail
		(75, 75, 75, 75, 75, 75, 75, 75, 75, 75, 75, 75, 75, 75, 75, 76, 76, 76, 76, 76, 76, 76, 76, 76, 76, 76, 76, 76, 76, 76, 76, 77, 77, 77, 77, 77, 77, 77, 77, 77, 77, 77, 77, 77, 77) occurs 5 times
		(254, 254, 254, 254, 254, 254, 254, 254, 254, 254, 254, 254, 254, 255, 255, 255, 255, 255, 255, 255, 255, 255, 255, 255, 255, 255, 255, 255, 255, 0, 0, 0, 0, 0, 0, 0, 0, 0, 0, 0, 0, 0, 0, 0, 0) occurs 4 times
		(191, 191, 191, 191, 191, 191, 191, 191, 191, 191, 191, 191, 191, 192, 192, 192, 192, 192, 192, 192, 192, 192, 192, 192, 192, 192, 192, 192, 192, 193, 193, 193, 193, 193, 193, 193, 193, 193, 193, 193, 193, 193, 193, 193, 193) occurs 4 times
** Collision sanity check - fail

=== Raptor_BIOS jiffies_nodupes_6bit ============================================================================

python noniid_main.py jiffies_nodupes_6bit.bin 8 | tee jiffies_nodupes_6bit_results.txt
Read in file jiffies_nodupes_6bit.bin, 691723 bytes long.
Dataset: 691723 8-bit symbols.
Output symbol values: min = 0, max = 63
	collision test not run:
	mu_bar = 22.0488, max valid value for this test and model = 20.7261
- Collision test *not valid* for this data set.
- Partial collection test : p(max) = 0.720994, min-entropy = 0.471941
- Markov test (map 6 bits): p(max) = 2.32781e-57, min-entropy = 1.46977
- Compression test        : p(max) = 0.330986, min-entropy = 1.59516
- Frequency test          : p(max) = 0.0165905, min-entropy = 5.7909

**************
** min-entropy = 0.471941
**************

Compression sanity check...
	dataset 1 compressed length = 221032, cutoff = 32645.1...
Pass
	dataset 2 compressed length = 223424, cutoff = 32645.1...
Pass
	dataset 3 compressed length = 223016, cutoff = 32645.1...
Pass
	dataset 4 compressed length = 222952, cutoff = 32645.1...
Pass
	dataset 5 compressed length = 224656, cutoff = 32645.1...
Pass
	dataset 6 compressed length = 225272, cutoff = 32645.1...
Pass
	dataset 7 compressed length = 225072, cutoff = 32645.1...
Pass
	dataset 8 compressed length = 225504, cutoff = 32645.1...
Pass
	dataset 9 compressed length = 224400, cutoff = 32645.1...
Pass
	dataset 10 compressed length = 225384, cutoff = 32645.1...
Pass
** Compression sanity check - pass

Collision sanity check...
	Dividing dataset into 55-tuples
	Check rule 1 - do three or more 55-tuples have the same value?...Pass
	Check rule 2 - probability of number of collisions below cutoff
		number of collisions = 8, cutoff = 1.21422...Fail
** Collision sanity check - fail

=== Raptor_BIOS jiffies_nodupes_8bit ============================================================================

python noniid_main.py jiffies_nodupes_8bit.bin 8 | tee jiffies_nodupes_8bit_results.txt
Read in file jiffies_nodupes_8bit.bin, 691723 bytes long.
Dataset: 691723 8-bit symbols.
Output symbol values: min = 0, max = 255
	collision test not run:
	mu_bar = 67.6685, max valid value for this test and model = 20.7261
- Collision test *not valid* for this data set.
	partial collection test not run:
	mu_bar = 176.801, max valid value for this test and model = 162.007
- Partial collection test *not valid* for this data set.
- Markov test (map 6 bits): p(max) = 2.32781e-57, min-entropy = 1.46977
	compression (Maurer Universal Statistic) test not run:
	mu_bar = 7.54351, max valid value for this test and model = 7.18366
- Compression test *not valid* for this data set.
- Frequency test          : p(max) = 0.00435868, min-entropy = 7.42224

**************
** min-entropy = 1.46977
**************

Compression sanity check...
	dataset 1 compressed length = 241024, cutoff = 101667...
Pass
	dataset 2 compressed length = 237064, cutoff = 101667...
Pass
	dataset 3 compressed length = 237288, cutoff = 101667...
Pass
	dataset 4 compressed length = 237224, cutoff = 101667...
Pass
	dataset 5 compressed length = 238504, cutoff = 101667...
Pass
	dataset 6 compressed length = 238944, cutoff = 101667...
Pass
	dataset 7 compressed length = 238360, cutoff = 101667...
Pass
	dataset 8 compressed length = 239616, cutoff = 101667...
Pass
	dataset 9 compressed length = 239264, cutoff = 101667...
Pass
	dataset 10 compressed length = 238696, cutoff = 101667...
Pass
** Compression sanity check - pass

Collision sanity check...
	Dividing dataset into 20-tuples
	Check rule 1 - do three or more 20-tuples have the same value?...Fail
		(97, 98, 99, 100, 101, 102, 103, 104, 105, 106, 107, 108, 109, 110, 111, 112, 113, 114, 115, 116) occurs 16 times
		(104, 105, 106, 107, 108, 109, 110, 111, 112, 113, 114, 115, 116, 117, 118, 119, 120, 121, 122, 123) occurs 16 times
		(165, 166, 167, 168, 169, 170, 171, 172, 173, 174, 175, 176, 177, 178, 179, 180, 181, 182, 183, 184) occurs 19 times
** Collision sanity check - fail

=== Raptor_BIOS cycles_6bit ============================================================================

python noniid_main.py cycles_6bit.bin 8 | tee cycles_6bit_results.txt
Read in file cycles_6bit.bin, 1502993 bytes long.
Dataset: 1502993 8-bit symbols.
Output symbol values: min = 0, max = 60
- Collision test          : p(max) = 0.352341, min-entropy = 1.50496
- Partial collection test : p(max) = 0.911421, min-entropy = 0.13381
- Markov test (map 6 bits): p(max) = 1.10715e-142, min-entropy = 3.68412
- Compression test        : p(max) = 0.638815, min-entropy = 0.64653
- Frequency test          : p(max) = 0.0765526, min-entropy = 3.68871

**************
** min-entropy = 0.13381
**************

Compression sanity check...
	dataset 1 compressed length = 697224, cutoff = 20111.5...
Pass
	dataset 2 compressed length = 711312, cutoff = 20111.5...
Pass
	dataset 3 compressed length = 709696, cutoff = 20111.5...
Pass
	dataset 4 compressed length = 710736, cutoff = 20111.5...
Pass
	dataset 5 compressed length = 714392, cutoff = 20111.5...
Pass
	dataset 6 compressed length = 717392, cutoff = 20111.5...
Pass
	dataset 7 compressed length = 716136, cutoff = 20111.5...
Pass
	dataset 8 compressed length = 713592, cutoff = 20111.5...
Pass
	dataset 9 compressed length = 719160, cutoff = 20111.5...
Pass
	dataset 10 compressed length = 714776, cutoff = 20111.5...
Pass
** Compression sanity check - pass

Collision sanity check...
	Dividing dataset into 186-tuples
	Check rule 1 - do three or more 186-tuples have the same value?...Pass
	Check rule 2 - probability of number of collisions below cutoff
		number of collisions = 0, cutoff = 1.05092...Pass
** Collision sanity check - pass

=== Raptor_BIOS cycles_8bit ============================================================================

python noniid_main.py cycles_8bit.bin 8 | tee cycles_8bit_results.txt
Read in file cycles_8bit.bin, 1502993 bytes long.
Dataset: 1502993 8-bit symbols.
Output symbol values: min = 0, max = 252
- Collision test          : p(max) = 0.164471, min-entropy = 2.6041
- Partial collection test : p(max) = 0.641364, min-entropy = 0.640785
- Markov test (map 6 bits): p(max) = 1.10715e-142, min-entropy = 3.68412
- Compression test        : p(max) = 0.355461, min-entropy = 1.49224
- Frequency test          : p(max) = 0.0192729, min-entropy = 5.62443

**************
** min-entropy = 0.640785
**************

Compression sanity check...
	dataset 1 compressed length = 1042048, cutoff = 96309.4...
Pass
	dataset 2 compressed length = 1052288, cutoff = 96309.4...
Pass
	dataset 3 compressed length = 1048480, cutoff = 96309.4...
Pass
	dataset 4 compressed length = 1050840, cutoff = 96309.4...
Pass
	dataset 5 compressed length = 1054552, cutoff = 96309.4...
Pass
	dataset 6 compressed length = 1055952, cutoff = 96309.4...
Pass
	dataset 7 compressed length = 1054864, cutoff = 96309.4...
Pass
	dataset 8 compressed length = 1054968, cutoff = 96309.4...
Pass
	dataset 9 compressed length = 1058328, cutoff = 96309.4...
Pass
	dataset 10 compressed length = 1054176, cutoff = 96309.4...
Pass
** Compression sanity check - pass

Collision sanity check...
	Dividing dataset into 45-tuples
	Check rule 1 - do three or more 45-tuples have the same value?...Pass
	Check rule 2 - probability of number of collisions below cutoff
		number of collisions = 0, cutoff = 1.16448...Pass
** Collision sanity check - pass

=== Raptor_BIOS cycles_nodupes_6bit ============================================================================

python noniid_main.py cycles_nodupes_6bit.bin 8 | tee cycles_nodupes_6bit_results.txt
Read in file cycles_nodupes_6bit.bin, 1502993 bytes long.
Dataset: 1502993 8-bit symbols.
Output symbol values: min = 0, max = 60
- Collision test          : p(max) = 0.352341, min-entropy = 1.50496
- Partial collection test : p(max) = 0.911421, min-entropy = 0.13381
- Markov test (map 6 bits): p(max) = 1.10715e-142, min-entropy = 3.68412
- Compression test        : p(max) = 0.638815, min-entropy = 0.64653
- Frequency test          : p(max) = 0.0765526, min-entropy = 3.68871

**************
** min-entropy = 0.13381
**************

Compression sanity check...
	dataset 1 compressed length = 697224, cutoff = 20111.5...
Pass
	dataset 2 compressed length = 711312, cutoff = 20111.5...
Pass
	dataset 3 compressed length = 709696, cutoff = 20111.5...
Pass
	dataset 4 compressed length = 710736, cutoff = 20111.5...
Pass
	dataset 5 compressed length = 714392, cutoff = 20111.5...
Pass
	dataset 6 compressed length = 717392, cutoff = 20111.5...
Pass
	dataset 7 compressed length = 716136, cutoff = 20111.5...
Pass
	dataset 8 compressed length = 713592, cutoff = 20111.5...
Pass
	dataset 9 compressed length = 719160, cutoff = 20111.5...
Pass
	dataset 10 compressed length = 714776, cutoff = 20111.5...
Pass
** Compression sanity check - pass

Collision sanity check...
	Dividing dataset into 186-tuples
	Check rule 1 - do three or more 186-tuples have the same value?...Pass
	Check rule 2 - probability of number of collisions below cutoff
		number of collisions = 0, cutoff = 1.05092...Pass
** Collision sanity check - pass

=== Raptor_BIOS cycles_nodupes_8bit ============================================================================

python noniid_main.py cycles_nodupes_8bit.bin 8 | tee cycles_nodupes_8bit_results.txt
Read in file cycles_nodupes_8bit.bin, 1502993 bytes long.
Dataset: 1502993 8-bit symbols.
Output symbol values: min = 0, max = 252
- Collision test          : p(max) = 0.164471, min-entropy = 2.6041
- Partial collection test : p(max) = 0.641364, min-entropy = 0.640785
- Markov test (map 6 bits): p(max) = 1.10715e-142, min-entropy = 3.68412
- Compression test        : p(max) = 0.355461, min-entropy = 1.49224
- Frequency test          : p(max) = 0.0192729, min-entropy = 5.62443

**************
** min-entropy = 0.640785
**************

Compression sanity check...
	dataset 1 compressed length = 1042048, cutoff = 96309.4...
Pass
	dataset 2 compressed length = 1052288, cutoff = 96309.4...
Pass
	dataset 3 compressed length = 1048480, cutoff = 96309.4...
Pass
	dataset 4 compressed length = 1050840, cutoff = 96309.4...
Pass
	dataset 5 compressed length = 1054552, cutoff = 96309.4...
Pass
	dataset 6 compressed length = 1055952, cutoff = 96309.4...
Pass
	dataset 7 compressed length = 1054864, cutoff = 96309.4...
Pass
	dataset 8 compressed length = 1054968, cutoff = 96309.4...
Pass
	dataset 9 compressed length = 1058328, cutoff = 96309.4...
Pass
	dataset 10 compressed length = 1054176, cutoff = 96309.4...
Pass
** Compression sanity check - pass

Collision sanity check...
	Dividing dataset into 45-tuples
	Check rule 1 - do three or more 45-tuples have the same value?...Pass
	Check rule 2 - probability of number of collisions below cutoff
		number of collisions = 0, cutoff = 1.16448...Pass
** Collision sanity check - pass
