
analyzing entropyExperiment.data for WDSSD_UEFI

Experiment start time:
Linux localhost.localdomain 3.10.0-327.28.3.el7.TestBuild.x86_64 #1 SMP Wed Mar 1 12:08:22 EST 2017 x86_64 x86_64 x86_64 GNU/Linux
Mar 02 08:35:47 localhost.localdomain kernel: DISK_RANDOMNESS: ent_total: 11 - ent_count: 66 - jiffies: 4294671179 - cycles: 3834385328 - min_t: 11 - delta: 4294671179

Experiment end time:
Mar 05 08:40:04 localhost.localdomain kernel: DISK_RANDOMNESS: ent_total: 118 - ent_count: 671 - jiffies: 4294674661 - cycles: 1117228840 - min_t: 0 - delta: 0

Num Reboots: 3357

extractJiffies.sh entropyExperiment.data jiffies.data

extractCPUCycles.sh entropyExperiment.data cycles.data
File contained 878640 lines, with 17636 duplicates.
File contained 878640 lines, with 0 duplicates.

convertToBinary.py 6 jiffies.data jiffies_6bit.bin
Truncating values to 6bits and outputting them in 8 bit symbols.

convertToBinary.py 8 jiffies.data jiffies_8bit.bin
Truncating values to 8 bits and outputting them in 8 bit symbols.

convertToBinary.py 6 jiffies_nodupes.data jiffies_nodupes_6bit.bin
Truncating values to 6bits and outputting them in 8 bit symbols.

convertToBinary.py 8 jiffies_nodupes.data jiffies_nodupes_8bit.bin
Truncating values to 8 bits and outputting them in 8 bit symbols.

convertToBinary.py 6 cycles.data cycles_6bit.bin
Truncating values to 6bits and outputting them in 8 bit symbols.

convertToBinary.py 8 cycles.data cycles_8bit.bin
Truncating values to 8 bits and outputting them in 8 bit symbols.

convertToBinary.py 8 cycles_nodupes.data cycles_nodupes_8bit.bin
Truncating values to 8 bits and outputting them in 8 bit symbols.

convertToBinary.py 6 cycles_nodupes.data cycles_nodupes_6bit.bin
Truncating values to 6bits and outputting them in 8 bit symbols.

=== WDSSD_UEFI jiffies_6bit ============================================================================

noniid_main.py jiffies_6bit.bin 8 | tee jiffies_6bit_results.txt
Read in file jiffies_6bit.bin, 878639 bytes long.
Dataset: 878639 8-bit symbols.
Output symbol values: min = 0, max = 63
	collision test not run:
	mu_bar = 21.7612, max valid value for this test and model = 20.7261
- Collision test *not valid* for this data set.
- Partial collection test : p(max) = 0.719042, min-entropy = 0.475852
- Markov test (map 6 bits): p(max) = 7.37537e-29, min-entropy = 0.730103
- Compression test        : p(max) = 0.325821, min-entropy = 1.61785
- Frequency test          : p(max) = 0.0177422, min-entropy = 5.71423

**************
** min-entropy = 0.475852
**************

Compression sanity check...
	dataset 1 compressed length = 185600, cutoff = 41809.8...
Pass
	dataset 2 compressed length = 185400, cutoff = 41809.8...
Pass
	dataset 3 compressed length = 184544, cutoff = 41809.8...
Pass
	dataset 4 compressed length = 187016, cutoff = 41809.8...
Pass
	dataset 5 compressed length = 185768, cutoff = 41809.8...
Pass
	dataset 6 compressed length = 184016, cutoff = 41809.8...
Pass
	dataset 7 compressed length = 184696, cutoff = 41809.8...
Pass
	dataset 8 compressed length = 185208, cutoff = 41809.8...
Pass
	dataset 9 compressed length = 185016, cutoff = 41809.8...
Pass
	dataset 10 compressed length = 185112, cutoff = 41809.8...
Pass
** Compression sanity check - pass

Collision sanity check...
	Dividing dataset into 56-tuples
	Check rule 1 - do three or more 56-tuples have the same value?...Pass
	Check rule 2 - probability of number of collisions below cutoff
		number of collisions = 7, cutoff = 1.17058...Fail
** Collision sanity check - fail

=== WDSSD_UEFI jiffies_8bit ============================================================================

noniid_main.py jiffies_8bit.bin 8 | tee jiffies_8bit_results.txt
Read in file jiffies_8bit.bin, 878639 bytes long.
Dataset: 878639 8-bit symbols.
Output symbol values: min = 0, max = 255
	collision test not run:
	mu_bar = 34.234, max valid value for this test and model = 20.7261
- Collision test *not valid* for this data set.
	partial collection test not run:
	mu_bar = 181.393, max valid value for this test and model = 162.007
- Partial collection test *not valid* for this data set.
- Markov test (map 6 bits): p(max) = 7.37537e-29, min-entropy = 0.730103
	compression (Maurer Universal Statistic) test not run:
	mu_bar = 7.4151, max valid value for this test and model = 7.18366
- Compression test *not valid* for this data set.
- Frequency test          : p(max) = 0.00617546, min-entropy = 7.06253

**************
** min-entropy = 0.730103
**************

Compression sanity check...
	dataset 1 compressed length = 200048, cutoff = 64149...
Pass
	dataset 2 compressed length = 199248, cutoff = 64149...
Pass
	dataset 3 compressed length = 199488, cutoff = 64149...
Pass
	dataset 4 compressed length = 200416, cutoff = 64149...
Pass
	dataset 5 compressed length = 201352, cutoff = 64149...
Pass
	dataset 6 compressed length = 198152, cutoff = 64149...
Pass
	dataset 7 compressed length = 200136, cutoff = 64149...
Pass
	dataset 8 compressed length = 198656, cutoff = 64149...
Pass
	dataset 9 compressed length = 198776, cutoff = 64149...
Pass
	dataset 10 compressed length = 199288, cutoff = 64149...
Pass
** Compression sanity check - pass

Collision sanity check...
	Dividing dataset into 38-tuples
	Check rule 1 - do three or more 38-tuples have the same value?...Fail
		(189, 192, 195, 199, 200, 201, 202, 203, 204, 205, 206, 207, 208, 209, 210, 211, 212, 213, 214, 215, 216, 217, 218, 219, 220, 221, 222, 223, 224, 225, 226, 227, 228, 229, 230, 231, 232, 233) occurs 4 times
		(196, 199, 203, 204, 205, 206, 207, 208, 209, 210, 211, 212, 213, 214, 215, 216, 217, 218, 219, 220, 221, 222, 223, 224, 225, 226, 227, 228, 229, 230, 231, 232, 233, 234, 235, 236, 237, 238) occurs 4 times
		(188, 189, 192, 195, 199, 200, 201, 202, 203, 204, 205, 206, 207, 208, 209, 210, 211, 212, 213, 214, 215, 216, 217, 218, 219, 220, 221, 222, 223, 224, 225, 226, 227, 228, 229, 230, 231, 232) occurs 5 times
** Collision sanity check - fail

=== WDSSD_UEFI jiffies_nodupes_6bit ============================================================================

python noniid_main.py jiffies_nodupes_6bit.bin 8 | tee jiffies_nodupes_6bit_results.txt
Read in file jiffies_nodupes_6bit.bin, 861003 bytes long.
Dataset: 861003 8-bit symbols.
Output symbol values: min = 0, max = 63
	collision test not run:
	mu_bar = 30.9897, max valid value for this test and model = 20.7261
- Collision test *not valid* for this data set.
- Partial collection test : p(max) = 0.718841, min-entropy = 0.476255
- Markov test (map 6 bits): p(max) = 9.70028e-28, min-entropy = 0.701062
- Compression test        : p(max) = 0.311615, min-entropy = 1.68216
- Frequency test          : p(max) = 0.0177235, min-entropy = 5.71463

**************
** min-entropy = 0.476255
**************

Compression sanity check...
	dataset 1 compressed length = 172784, cutoff = 41005.6...
Pass
	dataset 2 compressed length = 171968, cutoff = 41005.6...
Pass
	dataset 3 compressed length = 172120, cutoff = 41005.6...
Pass
	dataset 4 compressed length = 173712, cutoff = 41005.6...
Pass
	dataset 5 compressed length = 172520, cutoff = 41005.6...
Pass
	dataset 6 compressed length = 170880, cutoff = 41005.6...
Pass
	dataset 7 compressed length = 171856, cutoff = 41005.6...
Pass
	dataset 8 compressed length = 172600, cutoff = 41005.6...
Pass
	dataset 9 compressed length = 172320, cutoff = 41005.6...
Pass
	dataset 10 compressed length = 171832, cutoff = 41005.6...
Pass
** Compression sanity check - pass

Collision sanity check...
	Dividing dataset into 56-tuples
	Check rule 1 - do three or more 56-tuples have the same value?...Pass
	Check rule 2 - probability of number of collisions below cutoff
		number of collisions = 3, cutoff = 1.10672...Pass
** Collision sanity check - pass

=== WDSSD_UEFI jiffies_nodupes_8bit ============================================================================

python noniid_main.py jiffies_nodupes_8bit.bin 8 | tee jiffies_nodupes_8bit_results.txt
Read in file jiffies_nodupes_8bit.bin, 861003 bytes long.
Dataset: 861003 8-bit symbols.
Output symbol values: min = 0, max = 255
	collision test not run:
	mu_bar = 82.5945, max valid value for this test and model = 20.7261
- Collision test *not valid* for this data set.
	partial collection test not run:
	mu_bar = 183.286, max valid value for this test and model = 162.007
- Partial collection test *not valid* for this data set.
- Markov test (map 6 bits): p(max) = 9.70028e-28, min-entropy = 0.701062
	compression (Maurer Universal Statistic) test not run:
	mu_bar = 7.53964, max valid value for this test and model = 7.18366
- Compression test *not valid* for this data set.
- Frequency test          : p(max) = 0.00613006, min-entropy = 7.06873

**************
** min-entropy = 0.701062
**************

Compression sanity check...
	dataset 1 compressed length = 187888, cutoff = 60361.5...
Pass
	dataset 2 compressed length = 185960, cutoff = 60361.5...
Pass
	dataset 3 compressed length = 186776, cutoff = 60361.5...
Pass
	dataset 4 compressed length = 187352, cutoff = 60361.5...
Pass
	dataset 5 compressed length = 187824, cutoff = 60361.5...
Pass
	dataset 6 compressed length = 184656, cutoff = 60361.5...
Pass
	dataset 7 compressed length = 186664, cutoff = 60361.5...
Pass
	dataset 8 compressed length = 185784, cutoff = 60361.5...
Pass
	dataset 9 compressed length = 186544, cutoff = 60361.5...
Pass
	dataset 10 compressed length = 185864, cutoff = 60361.5...
Pass
** Compression sanity check - pass

Collision sanity check...
	Dividing dataset into 40-tuples
	Check rule 1 - do three or more 40-tuples have the same value?...Fail
		(189, 190, 191, 194, 197, 201, 202, 203, 204, 205, 206, 207, 208, 209, 210, 211, 212, 213, 214, 215, 216, 217, 218, 219, 220, 221, 222, 223, 224, 225, 226, 227, 228, 229, 230, 231, 232, 233, 234, 235) occurs 3 times
		(190, 192, 194, 197, 201, 202, 203, 204, 205, 206, 207, 208, 209, 210, 211, 212, 213, 214, 215, 216, 217, 218, 219, 220, 221, 222, 223, 224, 225, 226, 227, 228, 229, 230, 231, 232, 233, 234, 235, 236) occurs 3 times
		(188, 189, 190, 192, 194, 197, 201, 202, 203, 204, 205, 206, 207, 208, 209, 210, 211, 212, 213, 214, 215, 216, 217, 218, 219, 220, 221, 222, 223, 224, 225, 226, 227, 228, 229, 230, 231, 232, 233, 234) occurs 4 times
** Collision sanity check - fail

=== WDSSD_UEFI cycles_6bit ============================================================================

python noniid_main.py cycles_6bit.bin 8 | tee cycles_6bit_results.txt
Read in file cycles_6bit.bin, 878639 bytes long.
Dataset: 878639 8-bit symbols.
Output symbol values: min = 0, max = 60
- Collision test          : p(max) = 0.327316, min-entropy = 1.61124
- Partial collection test : p(max) = 0.90664, min-entropy = 0.141398
- Markov test (map 6 bits): p(max) = 1.91706e-148, min-entropy = 3.83364
- Compression test        : p(max) = 0.62001, min-entropy = 0.689636
- Frequency test          : p(max) = 0.0685412, min-entropy = 3.83966

**************
** min-entropy = 0.141398
**************

Compression sanity check...
	dataset 1 compressed length = 427968, cutoff = 12423.7...
Pass
	dataset 2 compressed length = 427984, cutoff = 12423.7...
Pass
	dataset 3 compressed length = 428696, cutoff = 12423.7...
Pass
	dataset 4 compressed length = 427904, cutoff = 12423.7...
Pass
	dataset 5 compressed length = 427480, cutoff = 12423.7...
Pass
	dataset 6 compressed length = 427648, cutoff = 12423.7...
Pass
	dataset 7 compressed length = 428208, cutoff = 12423.7...
Pass
	dataset 8 compressed length = 427664, cutoff = 12423.7...
Pass
	dataset 9 compressed length = 426688, cutoff = 12423.7...
Pass
	dataset 10 compressed length = 427904, cutoff = 12423.7...
Pass
** Compression sanity check - pass

Collision sanity check...
	Dividing dataset into 168-tuples
	Check rule 1 - do three or more 168-tuples have the same value?...Pass
	Check rule 2 - probability of number of collisions below cutoff
		number of collisions = 0, cutoff = 0.965731...Pass
** Collision sanity check - pass

=== WDSSD_UEFI cycles_8bit ============================================================================

python noniid_main.py cycles_8bit.bin 8 | tee cycles_8bit_results.txt
Read in file cycles_8bit.bin, 878639 bytes long.
Dataset: 878639 8-bit symbols.
Output symbol values: min = 0, max = 252
- Collision test          : p(max) = 0.149368, min-entropy = 2.74305
- Partial collection test : p(max) = 0.615335, min-entropy = 0.700557
- Markov test (map 6 bits): p(max) = 1.91706e-148, min-entropy = 3.83364
- Compression test        : p(max) = 0.336462, min-entropy = 1.57148
- Frequency test          : p(max) = 0.0173245, min-entropy = 5.74621

**************
** min-entropy = 0.700557
**************

Compression sanity check...
	dataset 1 compressed length = 630368, cutoff = 61553.1...
Pass
	dataset 2 compressed length = 630560, cutoff = 61553.1...
Pass
	dataset 3 compressed length = 629592, cutoff = 61553.1...
Pass
	dataset 4 compressed length = 631328, cutoff = 61553.1...
Pass
	dataset 5 compressed length = 630488, cutoff = 61553.1...
Pass
	dataset 6 compressed length = 629896, cutoff = 61553.1...
Pass
	dataset 7 compressed length = 629480, cutoff = 61553.1...
Pass
	dataset 8 compressed length = 629952, cutoff = 61553.1...
Pass
	dataset 9 compressed length = 629760, cutoff = 61553.1...
Pass
	dataset 10 compressed length = 631384, cutoff = 61553.1...
Pass
** Compression sanity check - pass

Collision sanity check...
	Dividing dataset into 40-tuples
	Check rule 1 - do three or more 40-tuples have the same value?...Pass
	Check rule 2 - probability of number of collisions below cutoff
		number of collisions = 0, cutoff = 0.884878...Pass
** Collision sanity check - pass

=== WDSSD_UEFI cycles_nodupes_6bit ============================================================================

python noniid_main.py cycles_nodupes_6bit.bin 8 | tee cycles_nodupes_6bit_results.txt
Read in file cycles_nodupes_6bit.bin, 878639 bytes long.
Dataset: 878639 8-bit symbols.
Output symbol values: min = 0, max = 60
- Collision test          : p(max) = 0.327316, min-entropy = 1.61124
- Partial collection test : p(max) = 0.90664, min-entropy = 0.141398
- Markov test (map 6 bits): p(max) = 1.91706e-148, min-entropy = 3.83364
- Compression test        : p(max) = 0.62001, min-entropy = 0.689636
- Frequency test          : p(max) = 0.0685412, min-entropy = 3.83966

**************
** min-entropy = 0.141398
**************

Compression sanity check...
	dataset 1 compressed length = 427968, cutoff = 12423.7...
Pass
	dataset 2 compressed length = 427984, cutoff = 12423.7...
Pass
	dataset 3 compressed length = 428696, cutoff = 12423.7...
Pass
	dataset 4 compressed length = 427904, cutoff = 12423.7...
Pass
	dataset 5 compressed length = 427480, cutoff = 12423.7...
Pass
	dataset 6 compressed length = 427648, cutoff = 12423.7...
Pass
	dataset 7 compressed length = 428208, cutoff = 12423.7...
Pass
	dataset 8 compressed length = 427664, cutoff = 12423.7...
Pass
	dataset 9 compressed length = 426688, cutoff = 12423.7...
Pass
	dataset 10 compressed length = 427904, cutoff = 12423.7...
Pass
** Compression sanity check - pass

Collision sanity check...
	Dividing dataset into 168-tuples
	Check rule 1 - do three or more 168-tuples have the same value?...Pass
	Check rule 2 - probability of number of collisions below cutoff
		number of collisions = 0, cutoff = 0.965731...Pass
** Collision sanity check - pass

=== WDSSD_UEFI cycles_nodupes_8bit ============================================================================

python noniid_main.py cycles_nodupes_8bit.bin 8 | tee cycles_nodupes_8bit_results.txt
Read in file cycles_nodupes_8bit.bin, 878639 bytes long.
Dataset: 878639 8-bit symbols.
Output symbol values: min = 0, max = 252
- Collision test          : p(max) = 0.149368, min-entropy = 2.74305
- Partial collection test : p(max) = 0.615335, min-entropy = 0.700557
- Markov test (map 6 bits): p(max) = 1.91706e-148, min-entropy = 3.83364
- Compression test        : p(max) = 0.336462, min-entropy = 1.57148
- Frequency test          : p(max) = 0.0173245, min-entropy = 5.74621

**************
** min-entropy = 0.700557
**************

Compression sanity check...
	dataset 1 compressed length = 630368, cutoff = 61553.1...
Pass
	dataset 2 compressed length = 630560, cutoff = 61553.1...
Pass
	dataset 3 compressed length = 629592, cutoff = 61553.1...
Pass
	dataset 4 compressed length = 631328, cutoff = 61553.1...
Pass
	dataset 5 compressed length = 630488, cutoff = 61553.1...
Pass
	dataset 6 compressed length = 629896, cutoff = 61553.1...
Pass
	dataset 7 compressed length = 629480, cutoff = 61553.1...
Pass
	dataset 8 compressed length = 629952, cutoff = 61553.1...
Pass
	dataset 9 compressed length = 629760, cutoff = 61553.1...
Pass
	dataset 10 compressed length = 631384, cutoff = 61553.1...
Pass
** Compression sanity check - pass

Collision sanity check...
	Dividing dataset into 40-tuples
	Check rule 1 - do three or more 40-tuples have the same value?...Pass
	Check rule 2 - probability of number of collisions below cutoff
		number of collisions = 0, cutoff = 0.884878...Pass
** Collision sanity check - pass
