
analyzing entropyExperiment.data for WDBlack_UEFI

Experiment start time:
Linux localhost.localdomain 3.10.0-327.28.3.el7.Test_Build.x86_64 #1 SMP Fri Feb 10 07:50:46 EST 2017 x86_64 x86_64 x86_64 GNU/Linux
Feb 10 10:03:26 localhost.localdomain kernel: DISK_RANDOMNESS: ent_total: 11 - ent_count: 66 - jiffies: 4294670246 - cycles: 2834311412 - min_t: 11 - delta: 4294670246

Experiment end time:
Feb 10 19:14:58 localhost.localdomain kernel: DISK_RANDOMNESS: ent_total: 131 - ent_count: 36 - jiffies: 4294687381 - cycles: 2802249360 - min_t: 1 - delta: 2

Num Reboots: 404

extractJiffies.sh entropyExperiment.data jiffies.data

extractCPUCycles.sh entropyExperiment.data cycles.data
File contained 1499831 lines, with 687305 duplicates.
File contained 1499831 lines, with 0 duplicates.

convertToBinary.py 6 jiffies.data jiffies_6bit.bin
Truncating values to 6bits and outputting them in 8 bit symbols.

convertToBinary.py 8 jiffies.data jiffies_8bit.bin
Truncating values to 8 bits and outputting them in 8 bit symbols.

convertToBinary.py 6 jiffies_nodupes.data jiffies_nodupes_6bit.bin
Truncating values to 6bits and outputting them in 8 bit symbols.

convertToBinary.py 8 jiffies_nodupes.data jiffies_nodupes_8bit.bin
Truncating values to 8 bits and outputting them in 8 bit symbols.

convertToBinary.py 6 cycles.data cycles_6bit.bin
Truncating values to 6bits and outputting them in 8 bit symbols.

convertToBinary.py 8 cycles.data cycles_8bit.bin
Truncating values to 8 bits and outputting them in 8 bit symbols.

convertToBinary.py 8 cycles_nodupes.data cycles_nodupes_8bit.bin
Truncating values to 8 bits and outputting them in 8 bit symbols.

convertToBinary.py 6 cycles_nodupes.data cycles_nodupes_6bit.bin
Truncating values to 6bits and outputting them in 8 bit symbols.

=== WDBlack_UEFI jiffies_6bit ============================================================================

noniid_main.py jiffies_6bit.bin 8 | tee jiffies_6bit_results.txt
Read in file jiffies_6bit.bin, 1499830 bytes long.
Dataset: 1499830 8-bit symbols.
Output symbol values: min = 0, max = 63
- Collision test          : p(max) = 0.573029, min-entropy = 0.803321
- Partial collection test : p(max) = 0.751863, min-entropy = 0.411459
- Markov test (map 6 bits): p(max) = 1.09761e-40, min-entropy = 1.03705
- Compression test        : p(max) = 0.638845, min-entropy = 0.646461
- Frequency test          : p(max) = 0.0169193, min-entropy = 5.8024

**************
** min-entropy = 0.411459
**************

Compression sanity check...
	dataset 1 compressed length = 448256, cutoff = 61711.9...
Pass
	dataset 2 compressed length = 436168, cutoff = 61711.9...
Pass
	dataset 3 compressed length = 438368, cutoff = 61711.9...
Pass
	dataset 4 compressed length = 440880, cutoff = 61711.9...
Pass
	dataset 5 compressed length = 437824, cutoff = 61711.9...
Pass
	dataset 6 compressed length = 433248, cutoff = 61711.9...
Pass
	dataset 7 compressed length = 438200, cutoff = 61711.9...
Pass
	dataset 8 compressed length = 435128, cutoff = 61711.9...
Pass
	dataset 9 compressed length = 435800, cutoff = 61711.9...
Pass
	dataset 10 compressed length = 436840, cutoff = 61711.9...
Pass
** Compression sanity check - pass

Collision sanity check...
	Dividing dataset into 68-tuples
	Check rule 1 - do three or more 68-tuples have the same value?...Pass
	Check rule 2 - probability of number of collisions below cutoff
		number of collisions = 1, cutoff = 0.919258...Pass
** Collision sanity check - pass

=== WDBlack_UEFI jiffies_8bit ============================================================================

noniid_main.py jiffies_8bit.bin 8 | tee jiffies_8bit_results.txt
Read in file jiffies_8bit.bin, 1499830 bytes long.
Dataset: 1499830 8-bit symbols.
Output symbol values: min = 0, max = 255
- Collision test          : p(max) = 0.565674, min-entropy = 0.821958
- Partial collection test : p(max) = 0.408207, min-entropy = 1.29263
- Markov test (map 6 bits): p(max) = 1.09761e-40, min-entropy = 1.03705
- Compression test        : p(max) = 0.490543, min-entropy = 1.02755
- Frequency test          : p(max) = 0.005842, min-entropy = 7.19151

**************
** min-entropy = 0.821958
**************

Compression sanity check...
	dataset 1 compressed length = 474968, cutoff = 123280...
Pass
	dataset 2 compressed length = 461392, cutoff = 123280...
Pass
	dataset 3 compressed length = 465368, cutoff = 123280...
Pass
	dataset 4 compressed length = 464864, cutoff = 123280...
Pass
	dataset 5 compressed length = 463064, cutoff = 123280...
Pass
	dataset 6 compressed length = 458328, cutoff = 123280...
Pass
	dataset 7 compressed length = 464240, cutoff = 123280...
Pass
	dataset 8 compressed length = 457960, cutoff = 123280...
Pass
	dataset 9 compressed length = 459816, cutoff = 123280...
Pass
	dataset 10 compressed length = 459384, cutoff = 123280...
Pass
** Compression sanity check - pass

Collision sanity check...
	Dividing dataset into 36-tuples
	Check rule 1 - do three or more 36-tuples have the same value?...Fail
		(40, 40, 40, 40, 40, 40, 40, 40, 40, 40, 41, 41, 41, 41, 41, 41, 41, 41, 41, 41, 41, 41, 41, 41, 41, 41, 41, 42, 42, 42, 42, 42, 42, 42, 42, 42) occurs 3 times
		(32, 32, 32, 32, 32, 32, 32, 33, 33, 33, 33, 33, 33, 33, 33, 33, 33, 33, 33, 33, 33, 33, 33, 34, 34, 34, 34, 34, 34, 34, 34, 34, 34, 34, 34, 34) occurs 3 times
		(130, 130, 130, 130, 130, 130, 130, 130, 130, 130, 130, 130, 130, 130, 130, 130, 130, 130, 130, 131, 131, 131, 131, 131, 131, 131, 131, 131, 131, 131, 131, 131, 131, 131, 131, 131) occurs 4 times
** Collision sanity check - fail

=== WDBlack_UEFI jiffies_nodupes_6bit ============================================================================

python noniid_main.py jiffies_nodupes_6bit.bin 8 | tee jiffies_nodupes_6bit_results.txt
Read in file jiffies_nodupes_6bit.bin, 812525 bytes long.
Dataset: 812525 8-bit symbols.
Output symbol values: min = 0, max = 63
	collision test not run:
	mu_bar = 20.9831, max valid value for this test and model = 20.7261
- Collision test *not valid* for this data set.
- Partial collection test : p(max) = 0.720364, min-entropy = 0.473202
- Markov test (map 6 bits): p(max) = 3.16955e-58, min-entropy = 1.49225
- Compression test        : p(max) = 0.334003, min-entropy = 1.58207
- Frequency test          : p(max) = 0.0161349, min-entropy = 5.83711

**************
** min-entropy = 0.473202
**************

Compression sanity check...
	dataset 1 compressed length = 289832, cutoff = 38448.6...
Pass
	dataset 2 compressed length = 287648, cutoff = 38448.6...
Pass
	dataset 3 compressed length = 289848, cutoff = 38448.6...
Pass
	dataset 4 compressed length = 287256, cutoff = 38448.6...
Pass
	dataset 5 compressed length = 288376, cutoff = 38448.6...
Pass
	dataset 6 compressed length = 284104, cutoff = 38448.6...
Pass
	dataset 7 compressed length = 287384, cutoff = 38448.6...
Pass
	dataset 8 compressed length = 284600, cutoff = 38448.6...
Pass
	dataset 9 compressed length = 285680, cutoff = 38448.6...
Pass
	dataset 10 compressed length = 285168, cutoff = 38448.6...
Pass
** Compression sanity check - pass

Collision sanity check...
	Dividing dataset into 56-tuples
	Check rule 1 - do three or more 56-tuples have the same value?...Pass
	Check rule 2 - probability of number of collisions below cutoff
		number of collisions = 1, cutoff = 1.10958...Pass
** Collision sanity check - pass

=== WDBlack_UEFI jiffies_nodupes_8bit ============================================================================

python noniid_main.py jiffies_nodupes_8bit.bin 8 | tee jiffies_nodupes_8bit_results.txt
Read in file jiffies_nodupes_8bit.bin, 812525 bytes long.
Dataset: 812525 8-bit symbols.
Output symbol values: min = 0, max = 255
	collision test not run:
	mu_bar = 63.3406, max valid value for this test and model = 20.7261
- Collision test *not valid* for this data set.
	partial collection test not run:
	mu_bar = 175.575, max valid value for this test and model = 162.007
- Partial collection test *not valid* for this data set.
- Markov test (map 6 bits): p(max) = 3.16955e-58, min-entropy = 1.49225
	compression (Maurer Universal Statistic) test not run:
	mu_bar = 7.52422, max valid value for this test and model = 7.18366
- Compression test *not valid* for this data set.
- Frequency test          : p(max) = 0.0045254, min-entropy = 7.4092

**************
** min-entropy = 1.49225
**************

Compression sanity check...
	dataset 1 compressed length = 311872, cutoff = 121248...
Pass
	dataset 2 compressed length = 306216, cutoff = 121248...
Pass
	dataset 3 compressed length = 309064, cutoff = 121248...
Pass
	dataset 4 compressed length = 306592, cutoff = 121248...
Pass
	dataset 5 compressed length = 306432, cutoff = 121248...
Pass
	dataset 6 compressed length = 303736, cutoff = 121248...
Pass
	dataset 7 compressed length = 303424, cutoff = 121248...
Pass
	dataset 8 compressed length = 301384, cutoff = 121248...
Pass
	dataset 9 compressed length = 303144, cutoff = 121248...
Pass
	dataset 10 compressed length = 302680, cutoff = 121248...
Pass
** Compression sanity check - pass

Collision sanity check...
	Dividing dataset into 20-tuples
	Check rule 1 - do three or more 20-tuples have the same value?...Fail
		(215, 216, 217, 218, 219, 220, 221, 222, 223, 224, 225, 226, 227, 228, 229, 230, 231, 232, 233, 234) occurs 18 times
		(209, 210, 211, 212, 213, 214, 215, 216, 217, 218, 219, 220, 221, 222, 223, 224, 225, 226, 227, 228) occurs 16 times
		(212, 213, 214, 215, 216, 217, 218, 219, 220, 221, 222, 223, 224, 225, 226, 227, 228, 229, 230, 231) occurs 19 times
** Collision sanity check - fail

=== WDBlack_UEFI cycles_6bit ============================================================================

python noniid_main.py cycles_6bit.bin 8 | tee cycles_6bit_results.txt
Read in file cycles_6bit.bin, 1499830 bytes long.
Dataset: 1499830 8-bit symbols.
Output symbol values: min = 0, max = 60
- Collision test          : p(max) = 0.346176, min-entropy = 1.53042
- Partial collection test : p(max) = 0.909944, min-entropy = 0.13615
- Markov test (map 6 bits): p(max) = 5.82797e-145, min-entropy = 3.74325
- Compression test        : p(max) = 0.632858, min-entropy = 0.660046
- Frequency test          : p(max) = 0.073099, min-entropy = 3.75442

**************
** min-entropy = 0.13615
**************

Compression sanity check...
	dataset 1 compressed length = 712616, cutoff = 20420.2...
Pass
	dataset 2 compressed length = 711664, cutoff = 20420.2...
Pass
	dataset 3 compressed length = 712488, cutoff = 20420.2...
Pass
	dataset 4 compressed length = 707216, cutoff = 20420.2...
Pass
	dataset 5 compressed length = 708920, cutoff = 20420.2...
Pass
	dataset 6 compressed length = 712216, cutoff = 20420.2...
Pass
	dataset 7 compressed length = 711760, cutoff = 20420.2...
Pass
	dataset 8 compressed length = 711992, cutoff = 20420.2...
Pass
	dataset 9 compressed length = 712760, cutoff = 20420.2...
Pass
	dataset 10 compressed length = 712728, cutoff = 20420.2...
Pass
** Compression sanity check - pass

Collision sanity check...
	Dividing dataset into 184-tuples
	Check rule 1 - do three or more 184-tuples have the same value?...Pass
	Check rule 2 - probability of number of collisions below cutoff
		number of collisions = 0, cutoff = 0.955214...Pass
** Collision sanity check - pass

=== WDBlack_UEFI cycles_8bit ============================================================================

python noniid_main.py cycles_8bit.bin 8 | tee cycles_8bit_results.txt
Read in file cycles_8bit.bin, 1499830 bytes long.
Dataset: 1499830 8-bit symbols.
Output symbol values: min = 0, max = 252
- Collision test          : p(max) = 0.160099, min-entropy = 2.64296
- Partial collection test : p(max) = 0.630788, min-entropy = 0.664773
- Markov test (map 6 bits): p(max) = 5.82797e-145, min-entropy = 3.74325
- Compression test        : p(max) = 0.347706, min-entropy = 1.52406
- Frequency test          : p(max) = 0.0183801, min-entropy = 5.68933

**************
** min-entropy = 0.664773
**************

Compression sanity check...
	dataset 1 compressed length = 1055832, cutoff = 99704.6...
Pass
	dataset 2 compressed length = 1055328, cutoff = 99704.6...
Pass
	dataset 3 compressed length = 1055472, cutoff = 99704.6...
Pass
	dataset 4 compressed length = 1054760, cutoff = 99704.6...
Pass
	dataset 5 compressed length = 1054416, cutoff = 99704.6...
Pass
	dataset 6 compressed length = 1056824, cutoff = 99704.6...
Pass
	dataset 7 compressed length = 1055704, cutoff = 99704.6...
Pass
	dataset 8 compressed length = 1057336, cutoff = 99704.6...
Pass
	dataset 9 compressed length = 1056696, cutoff = 99704.6...
Pass
	dataset 10 compressed length = 1056360, cutoff = 99704.6...
Pass
** Compression sanity check - pass

Collision sanity check...
	Dividing dataset into 44-tuples
	Check rule 1 - do three or more 44-tuples have the same value?...Pass
	Check rule 2 - probability of number of collisions below cutoff
		number of collisions = 0, cutoff = 0.909949...Pass
** Collision sanity check - pass

=== WDBlack_UEFI cycles_nodupes_6bit ============================================================================

python noniid_main.py cycles_nodupes_6bit.bin 8 | tee cycles_nodupes_6bit_results.txt
Read in file cycles_nodupes_6bit.bin, 1499830 bytes long.
Dataset: 1499830 8-bit symbols.
Output symbol values: min = 0, max = 60
- Collision test          : p(max) = 0.346176, min-entropy = 1.53042
- Partial collection test : p(max) = 0.909944, min-entropy = 0.13615
- Markov test (map 6 bits): p(max) = 5.82797e-145, min-entropy = 3.74325
- Compression test        : p(max) = 0.632858, min-entropy = 0.660046
- Frequency test          : p(max) = 0.073099, min-entropy = 3.75442

**************
** min-entropy = 0.13615
**************

Compression sanity check...
	dataset 1 compressed length = 712616, cutoff = 20420.2...
Pass
	dataset 2 compressed length = 711664, cutoff = 20420.2...
Pass
	dataset 3 compressed length = 712488, cutoff = 20420.2...
Pass
	dataset 4 compressed length = 707216, cutoff = 20420.2...
Pass
	dataset 5 compressed length = 708920, cutoff = 20420.2...
Pass
	dataset 6 compressed length = 712216, cutoff = 20420.2...
Pass
	dataset 7 compressed length = 711760, cutoff = 20420.2...
Pass
	dataset 8 compressed length = 711992, cutoff = 20420.2...
Pass
	dataset 9 compressed length = 712760, cutoff = 20420.2...
Pass
	dataset 10 compressed length = 712728, cutoff = 20420.2...
Pass
** Compression sanity check - pass

Collision sanity check...
	Dividing dataset into 184-tuples
	Check rule 1 - do three or more 184-tuples have the same value?...Pass
	Check rule 2 - probability of number of collisions below cutoff
		number of collisions = 0, cutoff = 0.955214...Pass
** Collision sanity check - pass

=== WDBlack_UEFI cycles_nodupes_8bit ============================================================================

python noniid_main.py cycles_nodupes_8bit.bin 8 | tee cycles_nodupes_8bit_results.txt
Read in file cycles_nodupes_8bit.bin, 1499830 bytes long.
Dataset: 1499830 8-bit symbols.
Output symbol values: min = 0, max = 252
- Collision test          : p(max) = 0.160099, min-entropy = 2.64296
- Partial collection test : p(max) = 0.630788, min-entropy = 0.664773
- Markov test (map 6 bits): p(max) = 5.82797e-145, min-entropy = 3.74325
- Compression test        : p(max) = 0.347706, min-entropy = 1.52406
- Frequency test          : p(max) = 0.0183801, min-entropy = 5.68933

**************
** min-entropy = 0.664773
**************

Compression sanity check...
	dataset 1 compressed length = 1055832, cutoff = 99704.6...
Pass
	dataset 2 compressed length = 1055328, cutoff = 99704.6...
Pass
	dataset 3 compressed length = 1055472, cutoff = 99704.6...
Pass
	dataset 4 compressed length = 1054760, cutoff = 99704.6...
Pass
	dataset 5 compressed length = 1054416, cutoff = 99704.6...
Pass
	dataset 6 compressed length = 1056824, cutoff = 99704.6...
Pass
	dataset 7 compressed length = 1055704, cutoff = 99704.6...
Pass
	dataset 8 compressed length = 1057336, cutoff = 99704.6...
Pass
	dataset 9 compressed length = 1056696, cutoff = 99704.6...
Pass
	dataset 10 compressed length = 1056360, cutoff = 99704.6...
Pass
** Compression sanity check - pass

Collision sanity check...
	Dividing dataset into 44-tuples
	Check rule 1 - do three or more 44-tuples have the same value?...Pass
	Check rule 2 - probability of number of collisions below cutoff
		number of collisions = 0, cutoff = 0.909949...Pass
** Collision sanity check - pass
