
analyzing entropyExperiment.data for Hybrid_UEFI

Experiment start time:
Linux localhost.localdomain 3.10.0-327.28.3.el7.Test_Build.x86_64 #1 SMP Fri Feb 3 12:36:58 EST 2017 x86_64 x86_64 x86_64 GNU/Linux
Feb 04 09:52:31 localhost.localdomain kernel: DISK_RANDOMNESS: ent_total: 11 - ent_count: 66 - jiffies: 4294671005 - cycles: 2126786534 - min_t: 11 - delta: 4294671005

Experiment end time:
Feb 04 18:25:28 localhost.localdomain kernel: DISK_RANDOMNESS: ent_total: 130 - ent_count: 444 - jiffies: 4294682183 - cycles: 3818175188 - min_t: 1 - delta: 2

Num Reboots: 400

extractJiffies.sh entropyExperiment.data jiffies.data

extractCPUCycles.sh entropyExperiment.data cycles.data
File contained 1500851 lines, with 902655 duplicates.
File contained 1500851 lines, with 0 duplicates.

convertToBinary.py 6 jiffies.data jiffies_6bit.bin
Truncating values to 6bits and outputting them in 8 bit symbols.

convertToBinary.py 8 jiffies.data jiffies_8bit.bin
Truncating values to 8 bits and outputting them in 8 bit symbols.

convertToBinary.py 6 jiffies_nodupes.data jiffies_nodupes_6bit.bin
Truncating values to 6bits and outputting them in 8 bit symbols.

convertToBinary.py 8 jiffies_nodupes.data jiffies_nodupes_8bit.bin
Truncating values to 8 bits and outputting them in 8 bit symbols.

convertToBinary.py 6 cycles.data cycles_6bit.bin
Truncating values to 6bits and outputting them in 8 bit symbols.

convertToBinary.py 8 cycles.data cycles_8bit.bin
Truncating values to 8 bits and outputting them in 8 bit symbols.

convertToBinary.py 8 cycles_nodupes.data cycles_nodupes_8bit.bin
Truncating values to 8 bits and outputting them in 8 bit symbols.

convertToBinary.py 6 cycles_nodupes.data cycles_nodupes_6bit.bin
Truncating values to 6bits and outputting them in 8 bit symbols.

=== Hybrid_UEFI jiffies_6bit ============================================================================

noniid_main.py jiffies_6bit.bin 8 | tee jiffies_6bit_results.txt
Read in file jiffies_6bit.bin, 1500850 bytes long.
Dataset: 1500850 8-bit symbols.
Output symbol values: min = 0, max = 63
- Collision test          : p(max) = 0.75116, min-entropy = 0.412808
- Partial collection test : p(max) = 0.738597, min-entropy = 0.437141
- Markov test (map 6 bits): p(max) = 3.64779e-29, min-entropy = 0.738038
- Compression test        : p(max) = 0.716045, min-entropy = 0.481877
- Frequency test          : p(max) = 0.016404, min-entropy = 5.84452

**************
** min-entropy = 0.412808
**************

Compression sanity check...
	dataset 1 compressed length = 227584, cutoff = 61956.4...
Pass
	dataset 2 compressed length = 225776, cutoff = 61956.4...
Pass
	dataset 3 compressed length = 226936, cutoff = 61956.4...
Pass
	dataset 4 compressed length = 226512, cutoff = 61956.4...
Pass
	dataset 5 compressed length = 224824, cutoff = 61956.4...
Pass
	dataset 6 compressed length = 225416, cutoff = 61956.4...
Pass
	dataset 7 compressed length = 222984, cutoff = 61956.4...
Pass
	dataset 8 compressed length = 227584, cutoff = 61956.4...
Pass
	dataset 9 compressed length = 228824, cutoff = 61956.4...
Pass
	dataset 10 compressed length = 230000, cutoff = 61956.4...
Pass
** Compression sanity check - pass

Collision sanity check...
	Dividing dataset into 67-tuples
	Check rule 1 - do three or more 67-tuples have the same value?...Pass
	Check rule 2 - probability of number of collisions below cutoff
		number of collisions = 1, cutoff = 1.18448...Pass
** Collision sanity check - pass

=== Hybrid_UEFI jiffies_8bit ============================================================================

noniid_main.py jiffies_8bit.bin 8 | tee jiffies_8bit_results.txt
Read in file jiffies_8bit.bin, 1500850 bytes long.
Dataset: 1500850 8-bit symbols.
Output symbol values: min = 0, max = 255
- Collision test          : p(max) = 0.750061, min-entropy = 0.41492
- Partial collection test : p(max) = 0.527784, min-entropy = 0.92198
- Markov test (map 6 bits): p(max) = 3.64779e-29, min-entropy = 0.738038
- Compression test        : p(max) = 0.615219, min-entropy = 0.700828
- Frequency test          : p(max) = 0.00490655, min-entropy = 7.40371

**************
** min-entropy = 0.41492
**************

Compression sanity check...
	dataset 1 compressed length = 245544, cutoff = 62273.3...
Pass
	dataset 2 compressed length = 242896, cutoff = 62273.3...
Pass
	dataset 3 compressed length = 244416, cutoff = 62273.3...
Pass
	dataset 4 compressed length = 243672, cutoff = 62273.3...
Pass
	dataset 5 compressed length = 242040, cutoff = 62273.3...
Pass
	dataset 6 compressed length = 242128, cutoff = 62273.3...
Pass
	dataset 7 compressed length = 240696, cutoff = 62273.3...
Pass
	dataset 8 compressed length = 243232, cutoff = 62273.3...
Pass
	dataset 9 compressed length = 245424, cutoff = 62273.3...
Pass
	dataset 10 compressed length = 246592, cutoff = 62273.3...
Pass
** Compression sanity check - pass

Collision sanity check...
	Dividing dataset into 67-tuples
	Check rule 1 - do three or more 67-tuples have the same value?...Pass
	Check rule 2 - probability of number of collisions below cutoff
		number of collisions = 1, cutoff = 1.07384...Pass
** Collision sanity check - pass

=== Hybrid_UEFI jiffies_nodupes_6bit ============================================================================

python noniid_main.py jiffies_nodupes_6bit.bin 8 | tee jiffies_nodupes_6bit_results.txt
Read in file jiffies_nodupes_6bit.bin, 598195 bytes long.
Dataset: 598195 8-bit symbols.
Output symbol values: min = 0, max = 63
	collision test not run:
	mu_bar = 40.4419, max valid value for this test and model = 20.7261
- Collision test *not valid* for this data set.
- Partial collection test : p(max) = 0.718037, min-entropy = 0.47787
- Markov test (map 6 bits): p(max) = 3.53376e-11, min-entropy = 0.27125
- Compression test        : p(max) = 0.292385, min-entropy = 1.77406
- Frequency test          : p(max) = 0.0162923, min-entropy = 5.80593

**************
** min-entropy = 0.27125
**************

Compression sanity check...
	dataset 1 compressed length = 83040, cutoff = 16225.9...
Pass
	dataset 2 compressed length = 82280, cutoff = 16225.9...
Pass
	dataset 3 compressed length = 82000, cutoff = 16225.9...
Pass
	dataset 4 compressed length = 82664, cutoff = 16225.9...
Pass
	dataset 5 compressed length = 80696, cutoff = 16225.9...
Pass
	dataset 6 compressed length = 84440, cutoff = 16225.9...
Pass
	dataset 7 compressed length = 81016, cutoff = 16225.9...
Pass
	dataset 8 compressed length = 82304, cutoff = 16225.9...
Pass
	dataset 9 compressed length = 82504, cutoff = 16225.9...
Pass
	dataset 10 compressed length = 83672, cutoff = 16225.9...
Pass
** Compression sanity check - pass

Collision sanity check...
	Dividing dataset into 90-tuples
	Check rule 1 - do three or more 90-tuples have the same value?...Fail
		(44, 45, 46, 47, 48, 49, 50, 51, 52, 53, 54, 55, 56, 57, 58, 59, 60, 61, 62, 63, 0, 1, 2, 3, 4, 5, 6, 7, 8, 9, 10, 11, 12, 13, 14, 15, 16, 17, 18, 19, 20, 21, 22, 23, 24, 25, 26, 27, 28, 29, 30, 31, 32, 33, 34, 35, 36, 37, 38, 39, 40, 41, 42, 43, 44, 45, 46, 47, 48, 49, 50, 51, 52, 53, 54, 55, 56, 57, 58, 59, 60, 61, 62, 63, 0, 1, 2, 3, 4, 5) occurs 3 times
		(8, 9, 10, 11, 12, 13, 14, 15, 16, 17, 18, 19, 20, 21, 22, 23, 24, 25, 26, 27, 28, 29, 30, 31, 32, 33, 34, 35, 36, 37, 38, 39, 40, 41, 42, 43, 44, 45, 46, 47, 48, 49, 50, 51, 52, 53, 54, 55, 56, 57, 58, 59, 60, 61, 62, 63, 0, 1, 2, 3, 4, 5, 6, 7, 8, 9, 10, 11, 12, 13, 14, 15, 16, 17, 18, 19, 20, 21, 22, 23, 24, 25, 26, 27, 28, 29, 30, 31, 32, 33) occurs 3 times
** Collision sanity check - fail

=== Hybrid_UEFI jiffies_nodupes_8bit ============================================================================

python noniid_main.py jiffies_nodupes_8bit.bin 8 | tee jiffies_nodupes_8bit_results.txt
Read in file jiffies_nodupes_8bit.bin, 598195 bytes long.
Dataset: 598195 8-bit symbols.
Output symbol values: min = 0, max = 255
	collision test not run:
	mu_bar = 123.84, max valid value for this test and model = 20.7261
- Collision test *not valid* for this data set.
	partial collection test not run:
	mu_bar = 203.664, max valid value for this test and model = 162.007
- Partial collection test *not valid* for this data set.
- Markov test (map 6 bits): p(max) = 3.53376e-11, min-entropy = 0.27125
	compression (Maurer Universal Statistic) test not run:
	mu_bar = 7.77926, max valid value for this test and model = 7.18366
- Compression test *not valid* for this data set.
- Frequency test          : p(max) = 0.00450522, min-entropy = 7.35991

**************
** min-entropy = 0.27125
**************

Compression sanity check...
	dataset 1 compressed length = 95840, cutoff = 16225.9...
Pass
	dataset 2 compressed length = 94296, cutoff = 16225.9...
Pass
	dataset 3 compressed length = 94784, cutoff = 16225.9...
Pass
	dataset 4 compressed length = 94960, cutoff = 16225.9...
Pass
	dataset 5 compressed length = 93008, cutoff = 16225.9...
Pass
	dataset 6 compressed length = 96384, cutoff = 16225.9...
Pass
	dataset 7 compressed length = 93752, cutoff = 16225.9...
Pass
	dataset 8 compressed length = 94384, cutoff = 16225.9...
Pass
	dataset 9 compressed length = 94800, cutoff = 16225.9...
Pass
	dataset 10 compressed length = 96392, cutoff = 16225.9...
Pass
** Compression sanity check - pass

Collision sanity check...
	Dividing dataset into 90-tuples
	Check rule 1 - do three or more 90-tuples have the same value?...Fail
		(200, 201, 202, 203, 204, 205, 206, 207, 208, 209, 210, 211, 212, 213, 214, 215, 216, 217, 218, 219, 220, 221, 222, 223, 224, 225, 226, 227, 228, 229, 230, 231, 232, 233, 234, 235, 236, 237, 238, 239, 240, 241, 242, 243, 244, 245, 246, 247, 248, 249, 250, 251, 252, 253, 254, 255, 0, 1, 2, 3, 4, 5, 6, 7, 8, 9, 10, 11, 12, 13, 14, 15, 16, 17, 18, 19, 20, 21, 22, 23, 24, 25, 26, 27, 28, 29, 30, 31, 32, 33) occurs 3 times
** Collision sanity check - fail

=== Hybrid_UEFI cycles_6bit ============================================================================

python noniid_main.py cycles_6bit.bin 8 | tee cycles_6bit_results.txt
Read in file cycles_6bit.bin, 1500850 bytes long.
Dataset: 1500850 8-bit symbols.
Output symbol values: min = 0, max = 60
- Collision test          : p(max) = 0.339767, min-entropy = 1.55738
- Partial collection test : p(max) = 0.917762, min-entropy = 0.123808
- Markov test (map 6 bits): p(max) = 3.99397e-147, min-entropy = 3.79942
- Compression test        : p(max) = 0.633656, min-entropy = 0.658229
- Frequency test          : p(max) = 0.0697845, min-entropy = 3.82044

**************
** min-entropy = 0.123808
**************

Compression sanity check...
	dataset 1 compressed length = 717456, cutoff = 18581.7...
Pass
	dataset 2 compressed length = 714712, cutoff = 18581.7...
Pass
	dataset 3 compressed length = 718128, cutoff = 18581.7...
Pass
	dataset 4 compressed length = 717896, cutoff = 18581.7...
Pass
	dataset 5 compressed length = 715600, cutoff = 18581.7...
Pass
	dataset 6 compressed length = 716640, cutoff = 18581.7...
Pass
	dataset 7 compressed length = 717216, cutoff = 18581.7...
Pass
	dataset 8 compressed length = 718088, cutoff = 18581.7...
Pass
	dataset 9 compressed length = 717592, cutoff = 18581.7...
Pass
	dataset 10 compressed length = 717280, cutoff = 18581.7...
Pass
** Compression sanity check - pass

Collision sanity check...
	Dividing dataset into 200-tuples
	Check rule 1 - do three or more 200-tuples have the same value?...Pass
	Check rule 2 - probability of number of collisions below cutoff
		number of collisions = 0, cutoff = 0.989899...Pass
** Collision sanity check - pass

=== Hybrid_UEFI cycles_8bit ============================================================================

python noniid_main.py cycles_8bit.bin 8 | tee cycles_8bit_results.txt
Read in file cycles_8bit.bin, 1500850 bytes long.
Dataset: 1500850 8-bit symbols.
Output symbol values: min = 0, max = 252
- Collision test          : p(max) = 0.15678, min-entropy = 2.67318
- Partial collection test : p(max) = 0.653152, min-entropy = 0.614509
- Markov test (map 6 bits): p(max) = 3.99397e-147, min-entropy = 3.79942
- Compression test        : p(max) = 0.353394, min-entropy = 1.50065
- Frequency test          : p(max) = 0.0176527, min-entropy = 5.74455

**************
** min-entropy = 0.614509
**************

Compression sanity check...
	dataset 1 compressed length = 1059928, cutoff = 92228.5...
Pass
	dataset 2 compressed length = 1061296, cutoff = 92228.5...
Pass
	dataset 3 compressed length = 1059440, cutoff = 92228.5...
Pass
	dataset 4 compressed length = 1059520, cutoff = 92228.5...
Pass
	dataset 5 compressed length = 1058808, cutoff = 92228.5...
Pass
	dataset 6 compressed length = 1061104, cutoff = 92228.5...
Pass
	dataset 7 compressed length = 1062720, cutoff = 92228.5...
Pass
	dataset 8 compressed length = 1061736, cutoff = 92228.5...
Pass
	dataset 9 compressed length = 1061624, cutoff = 92228.5...
Pass
	dataset 10 compressed length = 1060376, cutoff = 92228.5...
Pass
** Compression sanity check - pass

Collision sanity check...
	Dividing dataset into 47-tuples
	Check rule 1 - do three or more 47-tuples have the same value?...Pass
	Check rule 2 - probability of number of collisions below cutoff
		number of collisions = 0, cutoff = 1.03063...Pass
** Collision sanity check - pass

=== Hybrid_UEFI cycles_nodupes_6bit ============================================================================

python noniid_main.py cycles_nodupes_6bit.bin 8 | tee cycles_nodupes_6bit_results.txt
Read in file cycles_nodupes_6bit.bin, 1500850 bytes long.
Dataset: 1500850 8-bit symbols.
Output symbol values: min = 0, max = 60
- Collision test          : p(max) = 0.339767, min-entropy = 1.55738
- Partial collection test : p(max) = 0.917762, min-entropy = 0.123808
- Markov test (map 6 bits): p(max) = 3.99397e-147, min-entropy = 3.79942
- Compression test        : p(max) = 0.633656, min-entropy = 0.658229
- Frequency test          : p(max) = 0.0697845, min-entropy = 3.82044

**************
** min-entropy = 0.123808
**************

Compression sanity check...
	dataset 1 compressed length = 717456, cutoff = 18581.7...
Pass
	dataset 2 compressed length = 714712, cutoff = 18581.7...
Pass
	dataset 3 compressed length = 718128, cutoff = 18581.7...
Pass
	dataset 4 compressed length = 717896, cutoff = 18581.7...
Pass
	dataset 5 compressed length = 715600, cutoff = 18581.7...
Pass
	dataset 6 compressed length = 716640, cutoff = 18581.7...
Pass
	dataset 7 compressed length = 717216, cutoff = 18581.7...
Pass
	dataset 8 compressed length = 718088, cutoff = 18581.7...
Pass
	dataset 9 compressed length = 717592, cutoff = 18581.7...
Pass
	dataset 10 compressed length = 717280, cutoff = 18581.7...
Pass
** Compression sanity check - pass

Collision sanity check...
	Dividing dataset into 200-tuples
	Check rule 1 - do three or more 200-tuples have the same value?...Pass
	Check rule 2 - probability of number of collisions below cutoff
		number of collisions = 0, cutoff = 0.989899...Pass
** Collision sanity check - pass

=== Hybrid_UEFI cycles_nodupes_8bit ============================================================================

python noniid_main.py cycles_nodupes_8bit.bin 8 | tee cycles_nodupes_8bit_results.txt
Read in file cycles_nodupes_8bit.bin, 1500850 bytes long.
Dataset: 1500850 8-bit symbols.
Output symbol values: min = 0, max = 252
- Collision test          : p(max) = 0.15678, min-entropy = 2.67318
- Partial collection test : p(max) = 0.653152, min-entropy = 0.614509
- Markov test (map 6 bits): p(max) = 3.99397e-147, min-entropy = 3.79942
- Compression test        : p(max) = 0.353394, min-entropy = 1.50065
- Frequency test          : p(max) = 0.0176527, min-entropy = 5.74455

**************
** min-entropy = 0.614509
**************

Compression sanity check...
	dataset 1 compressed length = 1059928, cutoff = 92228.5...
Pass
	dataset 2 compressed length = 1061296, cutoff = 92228.5...
Pass
	dataset 3 compressed length = 1059440, cutoff = 92228.5...
Pass
	dataset 4 compressed length = 1059520, cutoff = 92228.5...
Pass
	dataset 5 compressed length = 1058808, cutoff = 92228.5...
Pass
	dataset 6 compressed length = 1061104, cutoff = 92228.5...
Pass
	dataset 7 compressed length = 1062720, cutoff = 92228.5...
Pass
	dataset 8 compressed length = 1061736, cutoff = 92228.5...
Pass
	dataset 9 compressed length = 1061624, cutoff = 92228.5...
Pass
	dataset 10 compressed length = 1060376, cutoff = 92228.5...
Pass
** Compression sanity check - pass

Collision sanity check...
	Dividing dataset into 47-tuples
	Check rule 1 - do three or more 47-tuples have the same value?...Pass
	Check rule 2 - probability of number of collisions below cutoff
		number of collisions = 0, cutoff = 1.03063...Pass
** Collision sanity check - pass
